09:16:31 **** Build of configuration Debug for project Bluetooth_LE_Hello_Sensor ****
"C:\\Cypress\\ModusToolbox\\tools_3.1\\modus-shell\\bin\\make" CY_MAKE_IDE=eclipse CY_MAKE_IDE_VERSION=3.1 CY_IDE_TOOLS_DIR=C:/Cypress/ModusToolbox/tools_3.1 -j4 all 
Tools Directory: C:/Cypress/ModusToolbox/tools_3.1/
Removing .mtbqueryapi file...
Searching installed tools in progress...
Searching installed tools complete


Initializing build: mtb-example-btstack-freertos-hello-sensor Debug APP_CY8CPROTO-063-BLE GCC_ARM

Prebuild operations complete

Auto-discovery in progress...
Auto-discovery complete
Commencing build operations...

Tools Directory: C:/Cypress/ModusToolbox/tools_3.1/

Constructing build rules...
Build rules construction complete

==============================================================================
= Building application =
==============================================================================
Generating compilation database file...
-> ./build/compile_commands.json
Compilation database file generation complete
Building 244 file(s)
==============================================================================
= Build complete =
==============================================================================

Calculating memory consumption: CYBLE-416045-02-device GCC_ARM

   ---------------------------------------------------- 
  | Section Name         |  Address      |  Size       | 
   ---------------------------------------------------- 
  | .cy_m0p_image        |  0x10000000   |  111172     | 
  | .text                |  0x10020000   |  146332     | 
  | .ARM.exidx           |  0x10043b9c   |  8          | 
  | .copy.table          |  0x10043ba4   |  24         | 
  | .zero.table          |  0x10043bbc   |  8          | 
  | .data                |  0x0800328c   |  1924       | 
  | .cy_sharedmem        |  0x08003a10   |  12         | 
  | .noinit              |  0x08003a20   |  236        | 
  | .bss                 |  0x08003b10   |  10220      | 
  | .heap                |  0x08006300   |  263424     | 
   ---------------------------------------------------- 

  Total Internal Flash (Available)          1048576    
  Total Internal Flash (Utilized)           279388     



09:17:02 Build Finished. 0 errors, 0 warnings. (took 30s.450ms)

