18:38:33 **** Incremental Build of configuration Debug for project ch04_ex05_Hallo_Sensor ****
"C:\\Cypress\\ModusToolbox\\tools_3.1\\modus-shell\\bin\\make" CY_MAKE_IDE=eclipse CY_MAKE_IDE_VERSION=3.1 CY_IDE_TOOLS_DIR=C:/Cypress/ModusToolbox/tools_3.1 -j4 all 
Tools Directory: C:/Cypress/ModusToolbox/tools_3.1/
Removing .mtbqueryapi file...
Searching installed tools in progress...
Searching installed tools complete


Initializing build: app Debug APP_CY8CPROTO-063-BLE GCC_ARM

Prebuild operations complete

Auto-discovery in progress...
Auto-discovery complete
Commencing build operations...

Tools Directory: C:/Cypress/ModusToolbox/tools_3.1/

Constructing build rules...
Build rules construction complete

==============================================================================
= Building application =
==============================================================================
Generating compilation database file...
-> ./build/compile_commands.json
Compilation database file generation complete
Building 235 file(s)
Compiling main.c -DCOMPONENT_APP_CY8CPROTO_063_BLE -DCOMPONENT_BLESS_IPC -DCOMPONENT_CAT1 -DCOMPONENT_CAT1A -DCOMPONENT_CM0P_BLESS -DCOMPONENT_CM4 -DCOMPONENT_CM4_0 -DCOMPONENT_Debug -DCOMPONENT_FREERTOS -DCOMPONENT_GCC_ARM -DCOMPONENT_MW_ABSTRACTION_RTOS -DCOMPONENT_MW_BTSTACK -DCOMPONENT_MW_BTSTACK_INTEGRATION -DCOMPONENT_MW_CAT1CM0P -DCOMPONENT_MW_CLIB_SUPPORT -DCOMPONENT_MW_CMSIS -DCOMPONENT_MW_CORE_LIB -DCOMPONENT_MW_CORE_MAKE -DCOMPONENT_MW_FREERTOS -DCOMPONENT_MW_MTB_HAL_CAT1 -DCOMPONENT_MW_MTB_PDL_CAT1 -DCOMPONENT_MW_RECIPE_MAKE_CAT1A -DCOMPONENT_MW_RETARGET_IO -DCOMPONENT_PSOC6_01 -DCOMPONENT_RTOS_AWARE -DCOMPONENT_SOFTFP -DCOMPONENT_WICED_BLE -DCORE_NAME_CM4_0=1 -DCYBLE_416045_02_device -DCY_APPNAME_app -DCY_RETARGET_IO_CONVERT_LF_TO_CRLF -DCY_SUPPORTS_DEVICE_VALIDATION -DCY_TARGET_BOARD=APP_CY8CPROTO_063_BLE -DCY_USING_HAL -DDEBUG -DTARGET_APP_CY8CPROTO_063_BLE  -I. -Ibsps/TARGET_APP_CY8CPROTO-063-BLE -Ibsps -Ibsps/TARGET_APP_CY8CPROTO-063-BLE/bluetooth -Ibsps/TARGET_APP_CY8CPROTO-063-BLE/config/GeneratedSource -Ibsps/TARGET_APP_CY8CPROTO-063-BLE/config -IGeneratedSource -I../mtb_shared/btstack-integration/release-v4.5.0/COMPONENT_BLESS-IPC/platform/include -I../mtb_shared/btstack-integration/release-v4.5.0/COMPONENT_BLESS-IPC/platform -I../mtb_shared/btstack-integration/release-v4.5.0/COMPONENT_BLESS-IPC -I../mtb_shared/btstack-integration/release-v4.5.0 -I../mtb_shared/btstack-integration/release-v4.5.0/COMPONENT_BLESS-IPC/platform/ipc -I../mtb_shared/btstack-integration/release-v4.5.0/COMPONENT_BLESS-IPC/platform/ipc/include -I../mtb_shared/retarget-io/release-v1.5.0 -I../mtb_shared/abstraction-rtos/release-v1.7.4/include -I../mtb_shared/abstraction-rtos/release-v1.7.4 -I../mtb_shared/abstraction-rtos/release-v1.7.4/include/COMPONENT_FREERTOS -I../mtb_shared/btstack/release-v3.8.0/wiced_include -I../mtb_shared/btstack/release-v3.8.0 -I../mtb_shared/cat1cm0p/release-v1.2.0/COMPONENT_CAT1A -I../mtb_shared/cat1cm0p/release-v1.2.0 -I../mtb_shared/clib-support/release-v1.4.2 -I../mtb_shared/clib-support/release-v1.4.2/TOOLCHAIN_GCC_ARM -I../mtb_shared/cmsis/release-v5.8.0/Core/Include -I../mtb_shared/cmsis/release-v5.8.0/Core -I../mtb_shared/cmsis/release-v5.8.0 -I../mtb_shared/core-lib/release-v1.4.1/include -I../mtb_shared/core-lib/release-v1.4.1 -I../mtb_shared/freertos/release-v10.5.0/Source/include -I../mtb_shared/freertos/release-v10.5.0/Source -I../mtb_shared/freertos/release-v10.5.0 -I../mtb_shared/freertos/release-v10.5.0/Source/portable/COMPONENT_CM4 -I../mtb_shared/freertos/release-v10.5.0/Source/portable -I../mtb_shared/freertos/release-v10.5.0/Source/portable/COMPONENT_CM4/TOOLCHAIN_GCC_ARM -I../mtb_shared/mtb-hal-cat1/release-v2.4.3/COMPONENT_CAT1A/include/pin_packages -I../mtb_shared/mtb-hal-cat1/release-v2.4.3/COMPONENT_CAT1A/include -I../mtb_shared/mtb-hal-cat1/release-v2.4.3/COMPONENT_CAT1A -I../mtb_shared/mtb-hal-cat1/release-v2.4.3 -I../mtb_shared/mtb-hal-cat1/release-v2.4.3/COMPONENT_CAT1A/include/triggers -I../mtb_shared/mtb-hal-cat1/release-v2.4.3/include -I../mtb_shared/mtb-hal-cat1/release-v2.4.3/include_pvt -I../mtb_shared/mtb-hal-cat1/release-v2.4.3/source -I../mtb_shared/mtb-pdl-cat1/release-v3.7.0/devices/COMPONENT_CAT1A/include -I../mtb_shared/mtb-pdl-cat1/release-v3.7.0/devices/COMPONENT_CAT1A -I../mtb_shared/mtb-pdl-cat1/release-v3.7.0/devices -I../mtb_shared/mtb-pdl-cat1/release-v3.7.0 -I../mtb_shared/mtb-pdl-cat1/release-v3.7.0/devices/COMPONENT_CAT1A/include/ip -I../mtb_shared/mtb-pdl-cat1/release-v3.7.0/drivers/include -I../mtb_shared/mtb-pdl-cat1/release-v3.7.0/drivers -I../mtb_shared/mtb-pdl-cat1/release-v3.7.0/drivers/third_party/ethernet/include -I../mtb_shared/mtb-pdl-cat1/release-v3.7.0/drivers/third_party/ethernet -I../mtb_shared/mtb-pdl-cat1/release-v3.7.0/drivers/third_party 
main.c: In function 'app_bt_write_handler':
main.c:519:45: warning: pointer targets in initialization of 'char *' from 'uint8_t *' {aka 'unsigned char *'} differ in signedness [-Wpointer-sign]
  519 |                                 char *str = app_psoc_string;
      |                                             ^~~~~~~~~~~~~~~
main.c:521:37: warning: the address of 'app_psoc_string' will always evaluate as 'true' [-Waddress]
  521 |                                 if (app_psoc_string){
      |                                     ^~~~~~~~~~~~~~~
    Linking output file app.elf
C:/Cypress/ModusToolbox/tools_3.1/gcc/bin/arm-none-eabi-objcopy -O ihex C:/Cypress/Project/ch04_ex05_Hallo_Sensor/build/APP_CY8CPROTO-063-BLE/Debug/app.elf C:/Cypress/Project/ch04_ex05_Hallo_Sensor/build/APP_CY8CPROTO-063-BLE/Debug/app.hex
==============================================================================
= Build complete =
==============================================================================

Calculating memory consumption: CYBLE-416045-02-device GCC_ARM

   ---------------------------------------------------- 
  | Section Name         |  Address      |  Size       | 
   ---------------------------------------------------- 
  | .cy_m0p_image        |  0x10000000   |  111172     | 
  | .text                |  0x10020000   |  135876     | 
  | .ARM.exidx           |  0x100412c4   |  8          | 
  | .copy.table          |  0x100412cc   |  24         | 
  | .zero.table          |  0x100412e4   |  8          | 
  | .data                |  0x0800328c   |  1876       | 
  | .cy_sharedmem        |  0x080039e0   |  12         | 
  | .noinit              |  0x080039f0   |  236        | 
  | .bss                 |  0x08003ae0   |  9476       | 
  | .heap                |  0x08005fe8   |  264216     | 
   ---------------------------------------------------- 

  Total Internal Flash (Available)          1048576    
  Total Internal Flash (Utilized)           268884     



18:38:52 Build Finished. 0 errors, 2 warnings. (took 19s.484ms)

