23:34:06 **** Build of configuration Debug for project RTC_Basics ****
"C:\\ModusToolbox\\tools_3.1\\modus-shell\\bin\\make" CY_MAKE_IDE=eclipse CY_IDE_TOOLS_DIR=C:/ModusToolbox/tools_3.1 CY_IDE_BT_TOOLS_DIR= --output-sync -j4 all 
Tools Directory: C://ModusToolbox/tools_3.1
Removing .mtbqueryapi file...
Searching installed tools in progress...
Searching installed tools complete


Initializing build: mtb-example-hal-rtc-basics Debug APP_CY8CPROTO-063-BLE GCC_ARM

Prebuild operations complete

Auto-discovery in progress...
Auto-discovery complete
Commencing build operations...

Tools Directory: C://ModusToolbox/tools_3.1

Constructing build rules...
Build rules construction complete

==============================================================================
= Building application =
==============================================================================
Generating compilation database file...
-> ./build/compile_commands.json
Compilation database file generation complete
Building 234 file(s)
==============================================================================
= Build complete =
==============================================================================

Calculating memory consumption: CYBLE-416045-02-device GCC_ARM

   ---------------------------------------------------- 
  | Section Name         |  Address      |  Size       | 
   ---------------------------------------------------- 
  | .cy_m0p_image        |  0x10000000   |  111212     | 
  | .text                |  0x10020000   |  77572      | 
  | .ARM.exidx           |  0x10032f04   |  8          | 
  | .copy.table          |  0x10032f0c   |  24         | 
  | .zero.table          |  0x10032f24   |  8          | 
  | .data                |  0x0800328c   |  1724       | 
  | .cy_sharedmem        |  0x08003948   |  12         | 
  | .noinit              |  0x08003958   |  236        | 
  | .bss                 |  0x08003a44   |  4460       | 
  | .heap                |  0x08004bb0   |  269392     | 
   ---------------------------------------------------- 

  Total Internal Flash (Available)          1048576    
  Total Internal Flash (Utilized)           210428     



23:34:28 Build Finished. 0 errors, 0 warnings. (took 21s.378ms)

